<?xml version="1.0" encoding="UTF-8"?>
<testsuite xmlns:xsi="http://www.w3.org/2001/XMLSchema-instance" xsi:noNamespaceSchemaLocation="https://maven.apache.org/surefire/maven-surefire-plugin/xsd/surefire-test-report-3.0.xsd" version="3.0" name="cz.muni.fi.pb162.hw02.impl.ConsumerTest" time="0.071" tests="10" errors="0" skipped="0" failures="0">
  <properties>
    <property name="java.specification.version" value="17"/>
    <property name="sun.jnu.encoding" value="UTF-8"/>
    <property name="java.class.path" value="/media/myska/7C0C98290C97DC88/Skola/PB162/2023-hw02-messaging/target/test-classes:/media/myska/7C0C98290C97DC88/Skola/PB162/2023-hw02-messaging/target/classes:/home/myska/.m2/repository/com/beust/jcommander/1.82/jcommander-1.82.jar:/home/myska/.m2/repository/org/junit/jupiter/junit-jupiter/5.9.1/junit-jupiter-5.9.1.jar:/home/myska/.m2/repository/org/junit/jupiter/junit-jupiter-api/5.9.1/junit-jupiter-api-5.9.1.jar:/home/myska/.m2/repository/org/opentest4j/opentest4j/1.2.0/opentest4j-1.2.0.jar:/home/myska/.m2/repository/org/junit/platform/junit-platform-commons/1.9.1/junit-platform-commons-1.9.1.jar:/home/myska/.m2/repository/org/apiguardian/apiguardian-api/1.1.2/apiguardian-api-1.1.2.jar:/home/myska/.m2/repository/org/junit/jupiter/junit-jupiter-params/5.9.1/junit-jupiter-params-5.9.1.jar:/home/myska/.m2/repository/org/junit/jupiter/junit-jupiter-engine/5.9.1/junit-jupiter-engine-5.9.1.jar:/home/myska/.m2/repository/org/junit/platform/junit-platform-engine/1.9.1/junit-platform-engine-1.9.1.jar:/home/myska/.m2/repository/org/assertj/assertj-core/3.23.1/assertj-core-3.23.1.jar:/home/myska/.m2/repository/net/bytebuddy/byte-buddy/1.12.10/byte-buddy-1.12.10.jar:/home/myska/.m2/repository/com/github/stefanbirkner/system-lambda/1.2.1/system-lambda-1.2.1.jar:"/>
    <property name="java.vm.vendor" value="Private Build"/>
    <property name="sun.arch.data.model" value="64"/>
    <property name="java.vendor.url" value="Unknown"/>
    <property name="os.name" value="Linux"/>
    <property name="java.vm.specification.version" value="17"/>
    <property name="sun.java.launcher" value="SUN_STANDARD"/>
    <property name="user.country" value="US"/>
    <property name="sun.boot.library.path" value="/usr/lib/jvm/java-17-openjdk-amd64/lib"/>
    <property name="sun.java.command" value="/media/myska/7C0C98290C97DC88/Skola/PB162/2023-hw02-messaging/target/surefire/surefirebooter-20230410170939902_3.jar /media/myska/7C0C98290C97DC88/Skola/PB162/2023-hw02-messaging/target/surefire 2023-04-10T17-09-39_806-jvmRun1 surefire-20230410170939902_1tmp surefire_0-20230410170939902_2tmp"/>
    <property name="jdk.debug" value="release"/>
    <property name="surefire.test.class.path" value="/media/myska/7C0C98290C97DC88/Skola/PB162/2023-hw02-messaging/target/test-classes:/media/myska/7C0C98290C97DC88/Skola/PB162/2023-hw02-messaging/target/classes:/home/myska/.m2/repository/com/beust/jcommander/1.82/jcommander-1.82.jar:/home/myska/.m2/repository/org/junit/jupiter/junit-jupiter/5.9.1/junit-jupiter-5.9.1.jar:/home/myska/.m2/repository/org/junit/jupiter/junit-jupiter-api/5.9.1/junit-jupiter-api-5.9.1.jar:/home/myska/.m2/repository/org/opentest4j/opentest4j/1.2.0/opentest4j-1.2.0.jar:/home/myska/.m2/repository/org/junit/platform/junit-platform-commons/1.9.1/junit-platform-commons-1.9.1.jar:/home/myska/.m2/repository/org/apiguardian/apiguardian-api/1.1.2/apiguardian-api-1.1.2.jar:/home/myska/.m2/repository/org/junit/jupiter/junit-jupiter-params/5.9.1/junit-jupiter-params-5.9.1.jar:/home/myska/.m2/repository/org/junit/jupiter/junit-jupiter-engine/5.9.1/junit-jupiter-engine-5.9.1.jar:/home/myska/.m2/repository/org/junit/platform/junit-platform-engine/1.9.1/junit-platform-engine-1.9.1.jar:/home/myska/.m2/repository/org/assertj/assertj-core/3.23.1/assertj-core-3.23.1.jar:/home/myska/.m2/repository/net/bytebuddy/byte-buddy/1.12.10/byte-buddy-1.12.10.jar:/home/myska/.m2/repository/com/github/stefanbirkner/system-lambda/1.2.1/system-lambda-1.2.1.jar:"/>
    <property name="sun.cpu.endian" value="little"/>
    <property name="user.home" value="/home/myska"/>
    <property name="user.language" value="en"/>
    <property name="java.specification.vendor" value="Oracle Corporation"/>
    <property name="java.version.date" value="2023-01-17"/>
    <property name="java.home" value="/usr/lib/jvm/java-17-openjdk-amd64"/>
    <property name="file.separator" value="/"/>
    <property name="basedir" value="/media/myska/7C0C98290C97DC88/Skola/PB162/2023-hw02-messaging"/>
    <property name="java.vm.compressedOopsMode" value="Zero based"/>
    <property name="line.separator" value="&#10;"/>
    <property name="java.specification.name" value="Java Platform API Specification"/>
    <property name="java.vm.specification.vendor" value="Oracle Corporation"/>
    <property name="surefire.real.class.path" value="/media/myska/7C0C98290C97DC88/Skola/PB162/2023-hw02-messaging/target/surefire/surefirebooter-20230410170939902_3.jar"/>
    <property name="sun.management.compiler" value="HotSpot 64-Bit Tiered Compilers"/>
    <property name="java.runtime.version" value="17.0.6+10-Ubuntu-0ubuntu122.04"/>
    <property name="user.name" value="myska"/>
    <property name="path.separator" value=":"/>
    <property name="os.version" value="5.19.0-38-generic"/>
    <property name="java.runtime.name" value="OpenJDK Runtime Environment"/>
    <property name="file.encoding" value="UTF-8"/>
    <property name="java.vm.name" value="OpenJDK 64-Bit Server VM"/>
    <property name="localRepository" value="/home/myska/.m2/repository"/>
    <property name="java.vendor.url.bug" value="Unknown"/>
    <property name="java.io.tmpdir" value="/tmp"/>
    <property name="java.version" value="17.0.6"/>
    <property name="user.dir" value="/media/myska/7C0C98290C97DC88/Skola/PB162/2023-hw02-messaging"/>
    <property name="os.arch" value="amd64"/>
    <property name="java.vm.specification.name" value="Java Virtual Machine Specification"/>
    <property name="native.encoding" value="UTF-8"/>
    <property name="java.library.path" value="/usr/java/packages/lib:/usr/lib/x86_64-linux-gnu/jni:/lib/x86_64-linux-gnu:/usr/lib/x86_64-linux-gnu:/usr/lib/jni:/lib:/usr/lib"/>
    <property name="java.vm.info" value="mixed mode, sharing"/>
    <property name="java.vendor" value="Private Build"/>
    <property name="java.vm.version" value="17.0.6+10-Ubuntu-0ubuntu122.04"/>
    <property name="sun.io.unicode.encoding" value="UnicodeLittle"/>
    <property name="java.class.version" value="61.0"/>
  </properties>
  <testcase name="shouldReturnTopics" classname="cz.muni.fi.pb162.hw02.impl.ConsumerTest" time="0.002"/>
  <testcase name="shouldConsumeNoMessagesFromEmptyTopic" classname="cz.muni.fi.pb162.hw02.impl.ConsumerTest" time="0.05"/>
  <testcase name="shouldHaveCorrectOffsetForEachTopicAfterMultipleConsumptions" classname="cz.muni.fi.pb162.hw02.impl.ConsumerTest" time="0.001"/>
  <testcase name="shouldConsumeNothingFromEmptyBroker" classname="cz.muni.fi.pb162.hw02.impl.ConsumerTest" time="0"/>
  <testcase name="shouldConsumeSingleMessageFromTopic" classname="cz.muni.fi.pb162.hw02.impl.ConsumerTest" time="0.007"/>
  <testcase name="shouldConsumeNoMessagesFromEmptyBroker" classname="cz.muni.fi.pb162.hw02.impl.ConsumerTest" time="0"/>
  <testcase name="shouldConsumeMultipleMessages" classname="cz.muni.fi.pb162.hw02.impl.ConsumerTest" time="0.002"/>
  <testcase name="shouldHaveEmptyOffsetForEmptyBroker" classname="cz.muni.fi.pb162.hw02.impl.ConsumerTest" time="0.001"/>
  <testcase name="shouldNotUpdateOffset" classname="cz.muni.fi.pb162.hw02.impl.ConsumerTest" time="0.001"/>
  <testcase name="shouldHaveCorrectOffsetsAsDocumented" classname="cz.muni.fi.pb162.hw02.impl.ConsumerTest" time="0.001"/>
</testsuite>